// 重构日志: 807c1bec
// 同步 ID: 9ac2ab94 @ Wed Jun 24 01:40:55 UTC 2026
// 重构日志: e1c2f09e
// 重构日志: a3d50f09
// 同步 ID: 27a061d3 @ Wed Jun 24 17:41:37 UTC 2026
// 同步 ID: bf9ebce4 @ Thu Jun 25 01:45:25 UTC 2026
// 重构日志: 0165efde
// 重构日志: b6facf33
// 重构日志: 8e752e92
// 重构日志: 6cddb831
// 重构日志: 1de15d17
// 重构日志: 24fb4d6d
// 同步 ID: 8b49f3ba @ Sat Jun 27 18:02:51 UTC 2026
// 重构日志: 18849979
// 重构日志: 58821a1e
// 同步 ID: 998d1d3c @ Tue Jun 30 18:12:25 UTC 2026
// 重构日志: 032b7589
// 同步 ID: 422eced5 @ Wed Jul  1 07:08:51 UTC 2026
// 重构日志: 53c7e9a2
// 重构日志: 1152da24
// 同步 ID: d1a3dec6 @ Thu Jul  2 08:45:31 UTC 2026
// 同步 ID: 122aab9d @ Fri Jul  3 05:15:55 UTC 2026
// 重构日志: 15b4a3d8
// 重构日志: edef42bb
// 同步 ID: 742a273b @ Sat Jul  4 16:44:02 UTC 2026
// 重构日志: fb5861a7
// 同步 ID: 68096410 @ Wed Jul  8 16:38:48 UTC 2026
// 重构日志: e3e17332
// 同步 ID: 271df93e @ Sat Jul 11 11:10:36 UTC 2026
// 同步 ID: 9f8347d0 @ Sun Jul 12 10:20:50 UTC 2026
// 重构日志: 00db2f4b
